2026-05-27 12:42:04.940 [main] INFO  c.a.a.c.CropMonitoringApplication - Starting CropMonitoringApplication using Java 17.0.12 with PID 23752 (F:\Automated Crop Sowing Assessment\target\classes started by tsekh in F:\Automated Crop Sowing Assessment)
2026-05-27 12:42:04.957 [main] DEBUG c.a.a.c.CropMonitoringApplication - Running with Spring Boot v3.3.0, Spring v6.1.8
2026-05-27 12:42:04.960 [main] INFO  c.a.a.c.CropMonitoringApplication - The following 1 profile is active: "dev"
2026-05-27 12:42:07.077 [main] INFO  o.s.d.r.c.RepositoryConfigurationDelegate - Bootstrapping Spring Data JPA repositories in DEFAULT mode.
2026-05-27 12:42:07.300 [main] INFO  o.s.d.r.c.RepositoryConfigurationDelegate - Finished Spring Data repository scanning in 201 ms. Found 13 JPA repository interfaces.
2026-05-27 12:42:08.992 [main] INFO  o.s.b.w.e.tomcat.TomcatWebServer - Tomcat initialized with port 8080 (http)
2026-05-27 12:42:09.018 [main] INFO  o.a.catalina.core.StandardService - Starting service [Tomcat]
2026-05-27 12:42:09.018 [main] INFO  o.a.catalina.core.StandardEngine - Starting Servlet engine: [Apache Tomcat/10.1.24]
2026-05-27 12:42:09.122 [main] INFO  o.a.c.c.C.[Tomcat].[localhost].[/] - Initializing Spring embedded WebApplicationContext
2026-05-27 12:42:09.123 [main] INFO  o.s.b.w.s.c.ServletWebServerApplicationContext - Root WebApplicationContext: initialization completed in 4033 ms
2026-05-27 12:42:09.213 [main] DEBUG c.a.a.c.c.s.JwtAuthenticationFilter - Filter 'jwtAuthenticationFilter' configured for use
2026-05-27 12:42:09.525 [main] INFO  com.zaxxer.hikari.HikariDataSource - ApAgriHikariCP - Starting...
2026-05-27 12:42:10.095 [main] INFO  com.zaxxer.hikari.pool.HikariPool - ApAgriHikariCP - Added connection org.postgresql.jdbc.PgConnection@5d601832
2026-05-27 12:42:10.100 [main] INFO  com.zaxxer.hikari.HikariDataSource - ApAgriHikariCP - Start completed.
2026-05-27 12:42:10.162 [main] INFO  org.flywaydb.core.FlywayExecutor - Database: jdbc:postgresql://localhost:5432/crop_monitoring_db (PostgreSQL 18.4)
2026-05-27 12:42:10.182 [main] WARN  o.f.c.i.database.base.Database - Flyway upgrade recommended: PostgreSQL 18.4 is newer than this version of Flyway and support has not been tested. The latest supported version of PostgreSQL is 16.
2026-05-27 12:42:10.302 [main] WARN  o.s.b.w.s.c.AnnotationConfigServletWebServerApplicationContext - Exception encountered during context initialization - cancelling refresh attempt: org.springframework.beans.factory.BeanCreationException: Error creating bean with name 'entityManagerFactory' defined in class path resource [org/springframework/boot/autoconfigure/orm/jpa/HibernateJpaConfiguration.class]: Failed to initialize dependency 'flywayInitializer' of LoadTimeWeaverAware bean 'entityManagerFactory': Error creating bean with name 'flywayInitializer' defined in class path resource [org/springframework/boot/autoconfigure/flyway/FlywayAutoConfiguration$FlywayConfiguration.class]: Validate failed: Migrations have failed validation
Migration checksum mismatch for migration version 1
-> Applied to database : -1182883990
-> Resolved locally    : -1407944472
Either revert the changes to the migration, or run repair to update the schema history.
Need more flexibility with validation rules? Learn more: https://rd.gt/3AbJUZE
2026-05-27 12:42:10.303 [main] INFO  com.zaxxer.hikari.HikariDataSource - ApAgriHikariCP - Shutdown initiated...
2026-05-27 12:42:10.335 [main] INFO  com.zaxxer.hikari.HikariDataSource - ApAgriHikariCP - Shutdown completed.
2026-05-27 12:42:10.339 [main] INFO  o.a.catalina.core.StandardService - Stopping service [Tomcat]
2026-05-27 12:42:10.388 [main] INFO  o.s.b.a.l.ConditionEvaluationReportLogger - 

Error starting ApplicationContext. To display the condition evaluation report re-run your application with 'debug' enabled.
2026-05-27 12:42:10.437 [main] ERROR o.s.boot.SpringApplication - Application run failed
org.springframework.beans.factory.BeanCreationException: Error creating bean with name 'entityManagerFactory' defined in class path resource [org/springframework/boot/autoconfigure/orm/jpa/HibernateJpaConfiguration.class]: Failed to initialize dependency 'flywayInitializer' of LoadTimeWeaverAware bean 'entityManagerFactory': Error creating bean with name 'flywayInitializer' defined in class path resource [org/springframework/boot/autoconfigure/flyway/FlywayAutoConfiguration$FlywayConfiguration.class]: Validate failed: Migrations have failed validation
Migration checksum mismatch for migration version 1
-> Applied to database : -1182883990
-> Resolved locally    : -1407944472
Either revert the changes to the migration, or run repair to update the schema history.
Need more flexibility with validation rules? Learn more: https://rd.gt/3AbJUZE
	at org.springframework.beans.factory.support.AbstractBeanFactory.doGetBean(AbstractBeanFactory.java:326)
	at org.springframework.beans.factory.support.AbstractBeanFactory.getBean(AbstractBeanFactory.java:205)
	at org.springframework.context.support.AbstractApplicationContext.finishBeanFactoryInitialization(AbstractApplicationContext.java:952)
	at org.springframework.context.support.AbstractApplicationContext.refresh(AbstractApplicationContext.java:624)
	at org.springframework.boot.web.servlet.context.ServletWebServerApplicationContext.refresh(ServletWebServerApplicationContext.java:146)
	at org.springframework.boot.SpringApplication.refresh(SpringApplication.java:754)
	at org.springframework.boot.SpringApplication.refreshContext(SpringApplication.java:456)
	at org.springframework.boot.SpringApplication.run(SpringApplication.java:335)
	at org.springframework.boot.SpringApplication.run(SpringApplication.java:1363)
	at org.springframework.boot.SpringApplication.run(SpringApplication.java:1352)
	at com.ap.agri.cropmonitoring.CropMonitoringApplication.main(CropMonitoringApplication.java:14)
Caused by: org.springframework.beans.factory.BeanCreationException: Error creating bean with name 'flywayInitializer' defined in class path resource [org/springframework/boot/autoconfigure/flyway/FlywayAutoConfiguration$FlywayConfiguration.class]: Validate failed: Migrations have failed validation
Migration checksum mismatch for migration version 1
-> Applied to database : -1182883990
-> Resolved locally    : -1407944472
Either revert the changes to the migration, or run repair to update the schema history.
Need more flexibility with validation rules? Learn more: https://rd.gt/3AbJUZE
	at org.springframework.beans.factory.support.AbstractAutowireCapableBeanFactory.initializeBean(AbstractAutowireCapableBeanFactory.java:1788)
	at org.springframework.beans.factory.support.AbstractAutowireCapableBeanFactory.doCreateBean(AbstractAutowireCapableBeanFactory.java:600)
	at org.springframework.beans.factory.support.AbstractAutowireCapableBeanFactory.createBean(AbstractAutowireCapableBeanFactory.java:522)
	at org.springframework.beans.factory.support.AbstractBeanFactory.lambda$doGetBean$0(AbstractBeanFactory.java:337)
	at org.springframework.beans.factory.support.DefaultSingletonBeanRegistry.getSingleton(DefaultSingletonBeanRegistry.java:234)
	at org.springframework.beans.factory.support.AbstractBeanFactory.doGetBean(AbstractBeanFactory.java:335)
	at org.springframework.beans.factory.support.AbstractBeanFactory.getBean(AbstractBeanFactory.java:200)
	at org.springframework.beans.factory.support.AbstractBeanFactory.doGetBean(AbstractBeanFactory.java:313)
	... 10 common frames omitted
Caused by: org.flywaydb.core.api.exception.FlywayValidateException: Validate failed: Migrations have failed validation
Migration checksum mismatch for migration version 1
-> Applied to database : -1182883990
-> Resolved locally    : -1407944472
Either revert the changes to the migration, or run repair to update the schema history.
Need more flexibility with validation rules? Learn more: https://rd.gt/3AbJUZE
	at org.flywaydb.core.Flyway.lambda$migrate$0(Flyway.java:160)
	at org.flywaydb.core.FlywayExecutor.execute(FlywayExecutor.java:205)
	at org.flywaydb.core.Flyway.migrate(Flyway.java:147)
	at org.springframework.boot.autoconfigure.flyway.FlywayMigrationInitializer.afterPropertiesSet(FlywayMigrationInitializer.java:66)
	at org.springframework.beans.factory.support.AbstractAutowireCapableBeanFactory.invokeInitMethods(AbstractAutowireCapableBeanFactory.java:1835)
	at org.springframework.beans.factory.support.AbstractAutowireCapableBeanFactory.initializeBean(AbstractAutowireCapableBeanFactory.java:1784)
	... 17 common frames omitted
2026-05-27 12:44:21.649 [main] INFO  c.a.a.c.CropMonitoringApplication - Starting CropMonitoringApplication using Java 17.0.12 with PID 36740 (F:\Automated Crop Sowing Assessment\target\classes started by tsekh in F:\Automated Crop Sowing Assessment)
2026-05-27 12:44:21.649 [main] DEBUG c.a.a.c.CropMonitoringApplication - Running with Spring Boot v3.3.0, Spring v6.1.8
2026-05-27 12:44:21.649 [main] INFO  c.a.a.c.CropMonitoringApplication - The following 1 profile is active: "dev"
2026-05-27 12:44:23.654 [main] INFO  o.s.d.r.c.RepositoryConfigurationDelegate - Bootstrapping Spring Data JPA repositories in DEFAULT mode.
2026-05-27 12:44:23.897 [main] INFO  o.s.d.r.c.RepositoryConfigurationDelegate - Finished Spring Data repository scanning in 223 ms. Found 13 JPA repository interfaces.
2026-05-27 12:44:25.603 [main] INFO  o.s.b.w.e.tomcat.TomcatWebServer - Tomcat initialized with port 8080 (http)
2026-05-27 12:44:25.638 [main] INFO  o.a.catalina.core.StandardService - Starting service [Tomcat]
2026-05-27 12:44:25.638 [main] INFO  o.a.catalina.core.StandardEngine - Starting Servlet engine: [Apache Tomcat/10.1.24]
2026-05-27 12:44:25.843 [main] INFO  o.a.c.c.C.[Tomcat].[localhost].[/] - Initializing Spring embedded WebApplicationContext
2026-05-27 12:44:25.843 [main] INFO  o.s.b.w.s.c.ServletWebServerApplicationContext - Root WebApplicationContext: initialization completed in 4089 ms
2026-05-27 12:44:26.014 [main] DEBUG c.a.a.c.c.s.JwtAuthenticationFilter - Filter 'jwtAuthenticationFilter' configured for use
2026-05-27 12:44:26.360 [main] INFO  o.h.jpa.internal.util.LogHelper - HHH000204: Processing PersistenceUnitInfo [name: default]
2026-05-27 12:44:26.543 [main] INFO  org.hibernate.Version - HHH000412: Hibernate ORM core version 6.5.2.Final
2026-05-27 12:44:26.576 [main] INFO  o.h.s.integration.SpatialService - HHH80000001: hibernate-spatial integration enabled : true
2026-05-27 12:44:26.646 [main] INFO  o.h.c.i.RegionFactoryInitiator - HHH000026: Second-level cache disabled
2026-05-27 12:44:26.960 [main] INFO  com.zaxxer.hikari.HikariDataSource - ApAgriHikariCP - Starting...
2026-05-27 12:44:27.443 [main] INFO  com.zaxxer.hikari.pool.HikariPool - ApAgriHikariCP - Added connection org.postgresql.jdbc.PgConnection@74d22ddd
2026-05-27 12:44:27.443 [main] INFO  com.zaxxer.hikari.HikariDataSource - ApAgriHikariCP - Start completed.
2026-05-27 12:44:27.592 [main] WARN  org.hibernate.orm.deprecation - HHH90000026: PostgisPG10Dialect has been deprecated; use org.hibernate.dialect.PostgreSQLDialect instead
2026-05-27 12:44:27.659 [main] INFO  org.hibernate.spatial - HHH80000003: hibernate-spatial adding type contributions from : org.hibernate.spatial.dialect.postgis.PostgisDialectContributor
2026-05-27 12:44:28.226 [main] INFO  o.s.o.j.p.SpringPersistenceUnitInfo - No LoadTimeWeaver setup: ignoring JPA class transformer
2026-05-27 12:44:28.278 [main] INFO  org.hibernate.spatial - HHH80000003: hibernate-spatial adding type contributions from : org.hibernate.spatial.dialect.postgis.PostgisDialectContributor
2026-05-27 12:44:29.179 [main] INFO  org.hibernate.spatial - HHH80000004: hibernate-spatial adding function contributions from : org.hibernate.spatial.dialect.postgis.PostgisDialectContributor
2026-05-27 12:44:32.498 [main] INFO  o.h.e.t.j.p.i.JtaPlatformInitiator - HHH000489: No JTA platform available (set 'hibernate.transaction.jta.platform' to enable JTA platform integration)
2026-05-27 12:44:33.486 [main] INFO  o.s.o.j.LocalContainerEntityManagerFactoryBean - Initialized JPA EntityManagerFactory for persistence unit 'default'
2026-05-27 12:44:34.240 [main] INFO  o.s.d.j.r.query.QueryEnhancerFactory - Hibernate is in classpath; If applicable, HQL parser will be used.
2026-05-27 12:44:36.464 [main] INFO  o.s.s.c.a.a.c.InitializeUserDetailsBeanManagerConfigurer$InitializeUserDetailsManagerConfigurer - Global AuthenticationManager configured with UserDetailsService bean with name authService
2026-05-27 12:44:37.415 [main] INFO  o.s.s.web.DefaultSecurityFilterChain - Will secure any request with [org.springframework.security.web.session.DisableEncodeUrlFilter@5d39797a, org.springframework.security.web.context.request.async.WebAsyncManagerIntegrationFilter@6bc6400e, org.springframework.security.web.context.SecurityContextHolderFilter@28566aad, org.springframework.security.web.header.HeaderWriterFilter@2936f48a, org.springframework.security.web.authentication.logout.LogoutFilter@438f205c, com.ap.agri.cropmonitoring.config.security.JwtAuthenticationFilter@2a87ba34, org.springframework.security.web.savedrequest.RequestCacheAwareFilter@29c8a858, org.springframework.security.web.servletapi.SecurityContextHolderAwareRequestFilter@29a73056, org.springframework.security.web.authentication.AnonymousAuthenticationFilter@2f0765f7, org.springframework.security.web.session.SessionManagementFilter@4da929ef, org.springframework.security.web.access.ExceptionTranslationFilter@2a70c8d5, org.springframework.security.web.access.intercept.AuthorizationFilter@3310bb28]
2026-05-27 12:44:38.515 [main] INFO  o.s.b.w.e.tomcat.TomcatWebServer - Tomcat started on port 8080 (http) with context path '/'
2026-05-27 12:44:38.561 [main] INFO  c.a.a.c.CropMonitoringApplication - Started CropMonitoringApplication in 17.862 seconds (process running for 18.747)
2026-05-27 12:44:38.739 [main] INFO  c.a.a.c.shared.utils.UserSeeder - User Seeder: Users already exist. Skipping user seeding.
2026-05-27 12:44:38.749 [main] INFO  c.a.a.c.shared.utils.DatabaseSeeder - Database Seeder: Administrative boundaries already seeded. Skipping seeder.
2026-05-27 12:44:53.600 [scheduling-1] INFO  c.a.a.c.m.c.s.BatchClassificationScheduler - --------------------------------------------------------------------------------
2026-05-27 12:44:53.602 [scheduling-1] INFO  c.a.a.c.m.c.s.BatchClassificationScheduler - [SIMULATION ENGINE] Starting scheduled batch crop classification & e-Panta audit...
2026-05-27 12:44:53.653 [scheduling-1] WARN  c.a.a.c.m.c.s.BatchClassificationScheduler - Scheduler Job: No parcels exist in database. Skipping spatial classification.
2026-05-27 12:44:53.657 [scheduling-1] INFO  c.a.a.c.m.c.s.BatchClassificationScheduler - [SIMULATION ENGINE] Scheduled batch execution completed.
2026-05-27 12:44:53.657 [scheduling-1] INFO  c.a.a.c.m.c.s.BatchClassificationScheduler - --------------------------------------------------------------------------------
2026-05-27 12:45:16.915 [http-nio-8080-exec-1] INFO  o.a.c.c.C.[Tomcat].[localhost].[/] - Initializing Spring DispatcherServlet 'dispatcherServlet'
2026-05-27 12:45:16.915 [http-nio-8080-exec-1] INFO  o.s.web.servlet.DispatcherServlet - Initializing Servlet 'dispatcherServlet'
2026-05-27 12:45:16.921 [http-nio-8080-exec-1] INFO  o.s.web.servlet.DispatcherServlet - Completed initialization in 6 ms
2026-05-27 12:45:22.001 [http-nio-8080-exec-6] INFO  o.s.api.AbstractOpenApiResource - Init duration for springdoc-openapi is: 1729 ms
2026-05-27 12:45:22.048 [http-nio-8080-exec-6] ERROR c.a.a.c.s.e.GlobalExceptionHandler - Internal Server Error: 
org.springframework.web.context.request.async.AsyncRequestNotUsableException: ServletOutputStream failed to write: java.io.IOException: An established connection was aborted by the software in your host machine
	at org.springframework.web.context.request.async.StandardServletAsyncWebRequest$LifecycleHttpServletResponse.handleIOException(StandardServletAsyncWebRequest.java:320)
	at org.springframework.web.context.request.async.StandardServletAsyncWebRequest$LifecycleServletOutputStream.write(StandardServletAsyncWebRequest.java:378)
	at java.base/java.io.OutputStream.write(OutputStream.java:127)
	at org.springframework.util.StreamUtils.copy(StreamUtils.java:117)
	at org.springframework.http.converter.ByteArrayHttpMessageConverter.writeInternal(ByteArrayHttpMessageConverter.java:67)
	at org.springframework.http.converter.ByteArrayHttpMessageConverter.writeInternal(ByteArrayHttpMessageConverter.java:38)
	at org.springframework.http.converter.AbstractHttpMessageConverter.write(AbstractHttpMessageConverter.java:235)
	at org.springframework.web.servlet.mvc.method.annotation.AbstractMessageConverterMethodProcessor.writeWithMessageConverters(AbstractMessageConverterMethodProcessor.java:300)
	at org.springframework.web.servlet.mvc.method.annotation.RequestResponseBodyMethodProcessor.handleReturnValue(RequestResponseBodyMethodProcessor.java:192)
	at org.springframework.web.method.support.HandlerMethodReturnValueHandlerComposite.handleReturnValue(HandlerMethodReturnValueHandlerComposite.java:78)
	at org.springframework.web.servlet.mvc.method.annotation.ServletInvocableHandlerMethod.invokeAndHandle(ServletInvocableHandlerMethod.java:136)
	at org.springframework.web.servlet.mvc.method.annotation.RequestMappingHandlerAdapter.invokeHandlerMethod(RequestMappingHandlerAdapter.java:926)
	at org.springframework.web.servlet.mvc.method.annotation.RequestMappingHandlerAdapter.handleInternal(RequestMappingHandlerAdapter.java:831)
	at org.springframework.web.servlet.mvc.method.AbstractHandlerMethodAdapter.handle(AbstractHandlerMethodAdapter.java:87)
	at org.springframework.web.servlet.DispatcherServlet.doDispatch(DispatcherServlet.java:1089)
	at org.springframework.web.servlet.DispatcherServlet.doService(DispatcherServlet.java:979)
	at org.springframework.web.servlet.FrameworkServlet.processRequest(FrameworkServlet.java:1014)
	at org.springframework.web.servlet.FrameworkServlet.doGet(FrameworkServlet.java:903)
	at jakarta.servlet.http.HttpServlet.service(HttpServlet.java:564)
	at org.springframework.web.servlet.FrameworkServlet.service(FrameworkServlet.java:885)
	at jakarta.servlet.http.HttpServlet.service(HttpServlet.java:658)
	at org.apache.catalina.core.ApplicationFilterChain.internalDoFilter(ApplicationFilterChain.java:195)
	at org.apache.catalina.core.ApplicationFilterChain.doFilter(ApplicationFilterChain.java:140)
	at org.apache.tomcat.websocket.server.WsFilter.doFilter(WsFilter.java:51)
	at org.apache.catalina.core.ApplicationFilterChain.internalDoFilter(ApplicationFilterChain.java:164)
	at org.apache.catalina.core.ApplicationFilterChain.doFilter(ApplicationFilterChain.java:140)
	at org.springframework.web.filter.OncePerRequestFilter.doFilter(OncePerRequestFilter.java:110)
	at org.apache.catalina.core.ApplicationFilterChain.internalDoFilter(ApplicationFilterChain.java:164)
	at org.apache.catalina.core.ApplicationFilterChain.doFilter(ApplicationFilterChain.java:140)
	at org.springframework.web.filter.CompositeFilter$VirtualFilterChain.doFilter(CompositeFilter.java:108)
	at org.springframework.security.web.FilterChainProxy.lambda$doFilterInternal$3(FilterChainProxy.java:231)
	at org.springframework.security.web.FilterChainProxy$VirtualFilterChain.doFilter(FilterChainProxy.java:365)
	at org.springframework.security.web.access.intercept.AuthorizationFilter.doFilter(AuthorizationFilter.java:100)
	at org.springframework.security.web.FilterChainProxy$VirtualFilterChain.doFilter(FilterChainProxy.java:374)
	at org.springframework.security.web.access.ExceptionTranslationFilter.doFilter(ExceptionTranslationFilter.java:126)
	at org.springframework.security.web.access.ExceptionTranslationFilter.doFilter(ExceptionTranslationFilter.java:120)
	at org.springframework.security.web.FilterChainProxy$VirtualFilterChain.doFilter(FilterChainProxy.java:374)
	at org.springframework.security.web.session.SessionManagementFilter.doFilter(SessionManagementFilter.java:131)
	at org.springframework.security.web.session.SessionManagementFilter.doFilter(SessionManagementFilter.java:85)
	at org.springframework.security.web.FilterChainProxy$VirtualFilterChain.doFilter(FilterChainProxy.java:374)
	at org.springframework.security.web.authentication.AnonymousAuthenticationFilter.doFilter(AnonymousAuthenticationFilter.java:100)
	at org.springframework.security.web.FilterChainProxy$VirtualFilterChain.doFilter(FilterChainProxy.java:374)
	at org.springframework.security.web.servletapi.SecurityContextHolderAwareRequestFilter.doFilter(SecurityContextHolderAwareRequestFilter.java:179)
	at org.springframework.security.web.FilterChainProxy$VirtualFilterChain.doFilter(FilterChainProxy.java:374)
	at org.springframework.security.web.savedrequest.RequestCacheAwareFilter.doFilter(RequestCacheAwareFilter.java:63)
	at org.springframework.security.web.FilterChainProxy$VirtualFilterChain.doFilter(FilterChainProxy.java:374)
	at com.ap.agri.cropmonitoring.config.security.JwtAuthenticationFilter.doFilterInternal(JwtAuthenticationFilter.java:58)
	at org.springframework.web.filter.OncePerRequestFilter.doFilter(OncePerRequestFilter.java:116)
	at org.springframework.security.web.FilterChainProxy$VirtualFilterChain.doFilter(FilterChainProxy.java:374)
	at org.springframework.security.web.authentication.logout.LogoutFilter.doFilter(LogoutFilter.java:107)
	at org.springframework.security.web.authentication.logout.LogoutFilter.doFilter(LogoutFilter.java:93)
	at org.springframework.security.web.FilterChainProxy$VirtualFilterChain.doFilter(FilterChainProxy.java:374)
	at org.springframework.security.web.header.HeaderWriterFilter.doHeadersAfter(HeaderWriterFilter.java:90)
	at org.springframework.security.web.header.HeaderWriterFilter.doFilterInternal(HeaderWriterFilter.java:75)
	at org.springframework.web.filter.OncePerRequestFilter.doFilter(OncePerRequestFilter.java:116)
	at org.springframework.security.web.FilterChainProxy$VirtualFilterChain.doFilter(FilterChainProxy.java:374)
	at org.springframework.security.web.context.SecurityContextHolderFilter.doFilter(SecurityContextHolderFilter.java:82)
	at org.springframework.security.web.context.SecurityContextHolderFilter.doFilter(SecurityContextHolderFilter.java:69)
	at org.springframework.security.web.FilterChainProxy$VirtualFilterChain.doFilter(FilterChainProxy.java:374)
	at org.springframework.security.web.context.request.async.WebAsyncManagerIntegrationFilter.doFilterInternal(WebAsyncManagerIntegrationFilter.java:62)
	at org.springframework.web.filter.OncePerRequestFilter.doFilter(OncePerRequestFilter.java:116)
	at org.springframework.security.web.FilterChainProxy$VirtualFilterChain.doFilter(FilterChainProxy.java:374)
	at org.springframework.security.web.session.DisableEncodeUrlFilter.doFilterInternal(DisableEncodeUrlFilter.java:42)
	at org.springframework.web.filter.OncePerRequestFilter.doFilter(OncePerRequestFilter.java:116)
	at org.springframework.security.web.FilterChainProxy$VirtualFilterChain.doFilter(FilterChainProxy.java:374)
	at org.springframework.security.web.FilterChainProxy.doFilterInternal(FilterChainProxy.java:233)
	at org.springframework.security.web.FilterChainProxy.doFilter(FilterChainProxy.java:191)
	at org.springframework.web.filter.CompositeFilter$VirtualFilterChain.doFilter(CompositeFilter.java:113)
	at org.springframework.web.servlet.handler.HandlerMappingIntrospector.lambda$createCacheFilter$3(HandlerMappingIntrospector.java:195)
	at org.springframework.web.filter.CompositeFilter$VirtualFilterChain.doFilter(CompositeFilter.java:113)
	at org.springframework.web.filter.CompositeFilter.doFilter(CompositeFilter.java:74)
	at org.springframework.security.config.annotation.web.configuration.WebMvcSecurityConfiguration$CompositeFilterChainProxy.doFilter(WebMvcSecurityConfiguration.java:230)
	at org.springframework.web.filter.DelegatingFilterProxy.invokeDelegate(DelegatingFilterProxy.java:352)
	at org.springframework.web.filter.DelegatingFilterProxy.doFilter(DelegatingFilterProxy.java:268)
	at org.apache.catalina.core.ApplicationFilterChain.internalDoFilter(ApplicationFilterChain.java:164)
	at org.apache.catalina.core.ApplicationFilterChain.doFilter(ApplicationFilterChain.java:140)
	at org.springframework.web.filter.RequestContextFilter.doFilterInternal(RequestContextFilter.java:100)
	at org.springframework.web.filter.OncePerRequestFilter.doFilter(OncePerRequestFilter.java:116)
	at org.apache.catalina.core.ApplicationFilterChain.internalDoFilter(ApplicationFilterChain.java:164)
	at org.apache.catalina.core.ApplicationFilterChain.doFilter(ApplicationFilterChain.java:140)
	at org.springframework.web.filter.FormContentFilter.doFilterInternal(FormContentFilter.java:93)
	at org.springframework.web.filter.OncePerRequestFilter.doFilter(OncePerRequestFilter.java:116)
	at org.apache.catalina.core.ApplicationFilterChain.internalDoFilter(ApplicationFilterChain.java:164)
	at org.apache.catalina.core.ApplicationFilterChain.doFilter(ApplicationFilterChain.java:140)
	at org.springframework.web.filter.CharacterEncodingFilter.doFilterInternal(CharacterEncodingFilter.java:201)
	at org.springframework.web.filter.OncePerRequestFilter.doFilter(OncePerRequestFilter.java:116)
	at org.apache.catalina.core.ApplicationFilterChain.internalDoFilter(ApplicationFilterChain.java:164)
	at org.apache.catalina.core.ApplicationFilterChain.doFilter(ApplicationFilterChain.java:140)
	at org.apache.catalina.core.StandardWrapperValve.invoke(StandardWrapperValve.java:167)
	at org.apache.catalina.core.StandardContextValve.invoke(StandardContextValve.java:90)
	at org.apache.catalina.authenticator.AuthenticatorBase.invoke(AuthenticatorBase.java:482)
	at org.apache.catalina.core.StandardHostValve.invoke(StandardHostValve.java:115)
	at org.apache.catalina.valves.ErrorReportValve.invoke(ErrorReportValve.java:93)
	at org.apache.catalina.core.StandardEngineValve.invoke(StandardEngineValve.java:74)
	at org.apache.catalina.connector.CoyoteAdapter.service(CoyoteAdapter.java:344)
	at org.apache.coyote.http11.Http11Processor.service(Http11Processor.java:389)
	at org.apache.coyote.AbstractProcessorLight.process(AbstractProcessorLight.java:63)
	at org.apache.coyote.AbstractProtocol$ConnectionHandler.process(AbstractProtocol.java:896)
	at org.apache.tomcat.util.net.NioEndpoint$SocketProcessor.doRun(NioEndpoint.java:1741)
	at org.apache.tomcat.util.net.SocketProcessorBase.run(SocketProcessorBase.java:52)
	at org.apache.tomcat.util.threads.ThreadPoolExecutor.runWorker(ThreadPoolExecutor.java:1190)
	at org.apache.tomcat.util.threads.ThreadPoolExecutor$Worker.run(ThreadPoolExecutor.java:659)
	at org.apache.tomcat.util.threads.TaskThread$WrappingRunnable.run(TaskThread.java:63)
	at java.base/java.lang.Thread.run(Thread.java:842)
Caused by: org.apache.catalina.connector.ClientAbortException: java.io.IOException: An established connection was aborted by the software in your host machine
	at org.apache.catalina.connector.OutputBuffer.realWriteBytes(OutputBuffer.java:341)
	at org.apache.catalina.connector.OutputBuffer.appendByteArray(OutputBuffer.java:746)
	at org.apache.catalina.connector.OutputBuffer.append(OutputBuffer.java:667)
	at org.apache.catalina.connector.OutputBuffer.writeBytes(OutputBuffer.java:376)
	at org.apache.catalina.connector.OutputBuffer.write(OutputBuffer.java:354)
	at org.apache.catalina.connector.CoyoteOutputStream.write(CoyoteOutputStream.java:103)
	at org.springframework.security.web.util.OnCommittedResponseWrapper$SaveContextServletOutputStream.write(OnCommittedResponseWrapper.java:639)
	at org.springframework.web.context.request.async.StandardServletAsyncWebRequest$LifecycleServletOutputStream.write(StandardServletAsyncWebRequest.java:375)
	... 102 common frames omitted
Caused by: java.io.IOException: An established connection was aborted by the software in your host machine
	at java.base/sun.nio.ch.SocketDispatcher.write0(Native Method)
	at java.base/sun.nio.ch.SocketDispatcher.write(SocketDispatcher.java:54)
	at java.base/sun.nio.ch.IOUtil.writeFromNativeBuffer(IOUtil.java:132)
	at java.base/sun.nio.ch.IOUtil.write(IOUtil.java:97)
	at java.base/sun.nio.ch.IOUtil.write(IOUtil.java:53)
	at java.base/sun.nio.ch.SocketChannelImpl.write(SocketChannelImpl.java:532)
	at org.apache.tomcat.util.net.NioChannel.write(NioChannel.java:122)
	at org.apache.tomcat.util.net.NioEndpoint$NioSocketWrapper.doWrite(NioEndpoint.java:1378)
	at org.apache.tomcat.util.net.SocketWrapperBase.doWrite(SocketWrapperBase.java:764)
	at org.apache.tomcat.util.net.SocketWrapperBase.writeBlocking(SocketWrapperBase.java:589)
	at org.apache.tomcat.util.net.SocketWrapperBase.write(SocketWrapperBase.java:533)
	at org.apache.coyote.http11.Http11OutputBuffer$SocketOutputBuffer.doWrite(Http11OutputBuffer.java:533)
	at org.apache.coyote.http11.filters.IdentityOutputFilter.doWrite(IdentityOutputFilter.java:73)
	at org.apache.coyote.http11.Http11OutputBuffer.doWrite(Http11OutputBuffer.java:193)
	at org.apache.coyote.Response.doWrite(Response.java:623)
	at org.apache.catalina.connector.OutputBuffer.realWriteBytes(OutputBuffer.java:329)
	... 109 common frames omitted
2026-05-27 12:45:53.671 [scheduling-1] INFO  c.a.a.c.m.c.s.BatchClassificationScheduler - --------------------------------------------------------------------------------
2026-05-27 12:45:53.673 [scheduling-1] INFO  c.a.a.c.m.c.s.BatchClassificationScheduler - [SIMULATION ENGINE] Starting scheduled batch crop classification & e-Panta audit...
2026-05-27 12:45:53.742 [scheduling-1] WARN  c.a.a.c.m.c.s.BatchClassificationScheduler - Scheduler Job: No parcels exist in database. Skipping spatial classification.
2026-05-27 12:45:53.744 [scheduling-1] INFO  c.a.a.c.m.c.s.BatchClassificationScheduler - [SIMULATION ENGINE] Scheduled batch execution completed.
2026-05-27 12:45:53.746 [scheduling-1] INFO  c.a.a.c.m.c.s.BatchClassificationScheduler - --------------------------------------------------------------------------------
2026-05-27 12:46:53.759 [scheduling-1] INFO  c.a.a.c.m.c.s.BatchClassificationScheduler - --------------------------------------------------------------------------------
2026-05-27 12:46:53.763 [scheduling-1] INFO  c.a.a.c.m.c.s.BatchClassificationScheduler - [SIMULATION ENGINE] Starting scheduled batch crop classification & e-Panta audit...
2026-05-27 12:46:53.765 [scheduling-1] WARN  c.a.a.c.m.c.s.BatchClassificationScheduler - Scheduler Job: No parcels exist in database. Skipping spatial classification.
2026-05-27 12:46:53.765 [scheduling-1] INFO  c.a.a.c.m.c.s.BatchClassificationScheduler - [SIMULATION ENGINE] Scheduled batch execution completed.
2026-05-27 12:46:53.765 [scheduling-1] INFO  c.a.a.c.m.c.s.BatchClassificationScheduler - --------------------------------------------------------------------------------
2026-05-27 12:47:53.784 [scheduling-1] INFO  c.a.a.c.m.c.s.BatchClassificationScheduler - --------------------------------------------------------------------------------
2026-05-27 12:47:53.784 [scheduling-1] INFO  c.a.a.c.m.c.s.BatchClassificationScheduler - [SIMULATION ENGINE] Starting scheduled batch crop classification & e-Panta audit...
2026-05-27 12:47:53.788 [scheduling-1] WARN  c.a.a.c.m.c.s.BatchClassificationScheduler - Scheduler Job: No parcels exist in database. Skipping spatial classification.
2026-05-27 12:47:53.788 [scheduling-1] INFO  c.a.a.c.m.c.s.BatchClassificationScheduler - [SIMULATION ENGINE] Scheduled batch execution completed.
2026-05-27 12:47:53.788 [scheduling-1] INFO  c.a.a.c.m.c.s.BatchClassificationScheduler - --------------------------------------------------------------------------------
2026-05-27 12:48:53.801 [scheduling-1] INFO  c.a.a.c.m.c.s.BatchClassificationScheduler - --------------------------------------------------------------------------------
2026-05-27 12:48:53.802 [scheduling-1] INFO  c.a.a.c.m.c.s.BatchClassificationScheduler - [SIMULATION ENGINE] Starting scheduled batch crop classification & e-Panta audit...
2026-05-27 12:48:53.814 [scheduling-1] WARN  c.a.a.c.m.c.s.BatchClassificationScheduler - Scheduler Job: No parcels exist in database. Skipping spatial classification.
2026-05-27 12:48:53.823 [scheduling-1] INFO  c.a.a.c.m.c.s.BatchClassificationScheduler - [SIMULATION ENGINE] Scheduled batch execution completed.
2026-05-27 12:48:53.825 [scheduling-1] INFO  c.a.a.c.m.c.s.BatchClassificationScheduler - --------------------------------------------------------------------------------
2026-05-27 12:49:53.836 [scheduling-1] INFO  c.a.a.c.m.c.s.BatchClassificationScheduler - --------------------------------------------------------------------------------
2026-05-27 12:49:53.838 [scheduling-1] INFO  c.a.a.c.m.c.s.BatchClassificationScheduler - [SIMULATION ENGINE] Starting scheduled batch crop classification & e-Panta audit...
2026-05-27 12:49:53.844 [scheduling-1] WARN  c.a.a.c.m.c.s.BatchClassificationScheduler - Scheduler Job: No parcels exist in database. Skipping spatial classification.
2026-05-27 12:49:53.844 [scheduling-1] INFO  c.a.a.c.m.c.s.BatchClassificationScheduler - [SIMULATION ENGINE] Scheduled batch execution completed.
2026-05-27 12:49:53.848 [scheduling-1] INFO  c.a.a.c.m.c.s.BatchClassificationScheduler - --------------------------------------------------------------------------------
2026-05-27 12:50:53.864 [scheduling-1] INFO  c.a.a.c.m.c.s.BatchClassificationScheduler - --------------------------------------------------------------------------------
2026-05-27 12:50:53.868 [scheduling-1] INFO  c.a.a.c.m.c.s.BatchClassificationScheduler - [SIMULATION ENGINE] Starting scheduled batch crop classification & e-Panta audit...
2026-05-27 12:50:53.906 [scheduling-1] WARN  c.a.a.c.m.c.s.BatchClassificationScheduler - Scheduler Job: No parcels exist in database. Skipping spatial classification.
2026-05-27 12:50:53.912 [scheduling-1] INFO  c.a.a.c.m.c.s.BatchClassificationScheduler - [SIMULATION ENGINE] Scheduled batch execution completed.
2026-05-27 12:50:53.926 [scheduling-1] INFO  c.a.a.c.m.c.s.BatchClassificationScheduler - --------------------------------------------------------------------------------
2026-05-27 12:51:53.944 [scheduling-1] INFO  c.a.a.c.m.c.s.BatchClassificationScheduler - --------------------------------------------------------------------------------
2026-05-27 12:51:53.947 [scheduling-1] INFO  c.a.a.c.m.c.s.BatchClassificationScheduler - [SIMULATION ENGINE] Starting scheduled batch crop classification & e-Panta audit...
2026-05-27 12:51:53.952 [scheduling-1] WARN  c.a.a.c.m.c.s.BatchClassificationScheduler - Scheduler Job: No parcels exist in database. Skipping spatial classification.
2026-05-27 12:51:53.952 [scheduling-1] INFO  c.a.a.c.m.c.s.BatchClassificationScheduler - [SIMULATION ENGINE] Scheduled batch execution completed.
2026-05-27 12:51:53.959 [scheduling-1] INFO  c.a.a.c.m.c.s.BatchClassificationScheduler - --------------------------------------------------------------------------------
2026-05-27 12:52:53.970 [scheduling-1] INFO  c.a.a.c.m.c.s.BatchClassificationScheduler - --------------------------------------------------------------------------------
2026-05-27 12:52:54.007 [scheduling-1] INFO  c.a.a.c.m.c.s.BatchClassificationScheduler - [SIMULATION ENGINE] Starting scheduled batch crop classification & e-Panta audit...
2026-05-27 12:52:54.019 [scheduling-1] WARN  c.a.a.c.m.c.s.BatchClassificationScheduler - Scheduler Job: No parcels exist in database. Skipping spatial classification.
2026-05-27 12:52:54.021 [scheduling-1] INFO  c.a.a.c.m.c.s.BatchClassificationScheduler - [SIMULATION ENGINE] Scheduled batch execution completed.
2026-05-27 12:52:54.021 [scheduling-1] INFO  c.a.a.c.m.c.s.BatchClassificationScheduler - --------------------------------------------------------------------------------
2026-05-27 12:53:54.024 [scheduling-1] INFO  c.a.a.c.m.c.s.BatchClassificationScheduler - --------------------------------------------------------------------------------
2026-05-27 12:53:54.024 [scheduling-1] INFO  c.a.a.c.m.c.s.BatchClassificationScheduler - [SIMULATION ENGINE] Starting scheduled batch crop classification & e-Panta audit...
2026-05-27 12:53:54.027 [scheduling-1] WARN  c.a.a.c.m.c.s.BatchClassificationScheduler - Scheduler Job: No parcels exist in database. Skipping spatial classification.
2026-05-27 12:53:54.037 [scheduling-1] INFO  c.a.a.c.m.c.s.BatchClassificationScheduler - [SIMULATION ENGINE] Scheduled batch execution completed.
2026-05-27 12:53:54.044 [scheduling-1] INFO  c.a.a.c.m.c.s.BatchClassificationScheduler - --------------------------------------------------------------------------------
2026-05-27 12:54:54.052 [scheduling-1] INFO  c.a.a.c.m.c.s.BatchClassificationScheduler - --------------------------------------------------------------------------------
2026-05-27 12:54:54.053 [scheduling-1] INFO  c.a.a.c.m.c.s.BatchClassificationScheduler - [SIMULATION ENGINE] Starting scheduled batch crop classification & e-Panta audit...
2026-05-27 12:54:54.087 [scheduling-1] WARN  c.a.a.c.m.c.s.BatchClassificationScheduler - Scheduler Job: No parcels exist in database. Skipping spatial classification.
2026-05-27 12:54:54.087 [scheduling-1] INFO  c.a.a.c.m.c.s.BatchClassificationScheduler - [SIMULATION ENGINE] Scheduled batch execution completed.
2026-05-27 12:54:54.099 [scheduling-1] INFO  c.a.a.c.m.c.s.BatchClassificationScheduler - --------------------------------------------------------------------------------
2026-05-27 12:55:54.114 [scheduling-1] INFO  c.a.a.c.m.c.s.BatchClassificationScheduler - --------------------------------------------------------------------------------
2026-05-27 12:55:54.114 [scheduling-1] INFO  c.a.a.c.m.c.s.BatchClassificationScheduler - [SIMULATION ENGINE] Starting scheduled batch crop classification & e-Panta audit...
2026-05-27 12:55:54.117 [scheduling-1] WARN  c.a.a.c.m.c.s.BatchClassificationScheduler - Scheduler Job: No parcels exist in database. Skipping spatial classification.
2026-05-27 12:55:54.117 [scheduling-1] INFO  c.a.a.c.m.c.s.BatchClassificationScheduler - [SIMULATION ENGINE] Scheduled batch execution completed.
2026-05-27 12:55:54.117 [scheduling-1] INFO  c.a.a.c.m.c.s.BatchClassificationScheduler - --------------------------------------------------------------------------------
2026-05-27 14:14:08.394 [scheduling-1] INFO  c.a.a.c.m.c.s.BatchClassificationScheduler - --------------------------------------------------------------------------------
2026-05-27 14:14:08.402 [scheduling-1] INFO  c.a.a.c.m.c.s.BatchClassificationScheduler - [SIMULATION ENGINE] Starting scheduled batch crop classification & e-Panta audit...
2026-05-27 14:14:08.484 [scheduling-1] WARN  c.a.a.c.m.c.s.BatchClassificationScheduler - Scheduler Job: No parcels exist in database. Skipping spatial classification.
2026-05-27 14:14:08.488 [scheduling-1] INFO  c.a.a.c.m.c.s.BatchClassificationScheduler - [SIMULATION ENGINE] Scheduled batch execution completed.
2026-05-27 14:14:08.502 [scheduling-1] INFO  c.a.a.c.m.c.s.BatchClassificationScheduler - --------------------------------------------------------------------------------
2026-05-27 14:14:12.078 [ApAgriHikariCP housekeeper] WARN  com.zaxxer.hikari.pool.HikariPool - ApAgriHikariCP - Thread starvation or clock leap detected (housekeeper delta=1h17m44s264ms135µs).
2026-05-27 14:15:08.513 [scheduling-1] INFO  c.a.a.c.m.c.s.BatchClassificationScheduler - --------------------------------------------------------------------------------
2026-05-27 14:15:08.516 [scheduling-1] INFO  c.a.a.c.m.c.s.BatchClassificationScheduler - [SIMULATION ENGINE] Starting scheduled batch crop classification & e-Panta audit...
2026-05-27 14:15:08.652 [scheduling-1] WARN  c.a.a.c.m.c.s.BatchClassificationScheduler - Scheduler Job: No parcels exist in database. Skipping spatial classification.
2026-05-27 14:15:08.652 [scheduling-1] INFO  c.a.a.c.m.c.s.BatchClassificationScheduler - [SIMULATION ENGINE] Scheduled batch execution completed.
2026-05-27 14:15:08.652 [scheduling-1] INFO  c.a.a.c.m.c.s.BatchClassificationScheduler - --------------------------------------------------------------------------------
2026-05-27 14:16:08.667 [scheduling-1] INFO  c.a.a.c.m.c.s.BatchClassificationScheduler - --------------------------------------------------------------------------------
2026-05-27 14:16:08.669 [scheduling-1] INFO  c.a.a.c.m.c.s.BatchClassificationScheduler - [SIMULATION ENGINE] Starting scheduled batch crop classification & e-Panta audit...
2026-05-27 14:16:08.723 [scheduling-1] WARN  c.a.a.c.m.c.s.BatchClassificationScheduler - Scheduler Job: No parcels exist in database. Skipping spatial classification.
2026-05-27 14:16:08.723 [scheduling-1] INFO  c.a.a.c.m.c.s.BatchClassificationScheduler - [SIMULATION ENGINE] Scheduled batch execution completed.
2026-05-27 14:16:08.723 [scheduling-1] INFO  c.a.a.c.m.c.s.BatchClassificationScheduler - --------------------------------------------------------------------------------
2026-05-27 14:17:08.795 [scheduling-1] INFO  c.a.a.c.m.c.s.BatchClassificationScheduler - --------------------------------------------------------------------------------
2026-05-27 14:17:08.797 [scheduling-1] INFO  c.a.a.c.m.c.s.BatchClassificationScheduler - [SIMULATION ENGINE] Starting scheduled batch crop classification & e-Panta audit...
2026-05-27 14:17:08.861 [scheduling-1] WARN  c.a.a.c.m.c.s.BatchClassificationScheduler - Scheduler Job: No parcels exist in database. Skipping spatial classification.
2026-05-27 14:17:08.861 [scheduling-1] INFO  c.a.a.c.m.c.s.BatchClassificationScheduler - [SIMULATION ENGINE] Scheduled batch execution completed.
2026-05-27 14:17:08.861 [scheduling-1] INFO  c.a.a.c.m.c.s.BatchClassificationScheduler - --------------------------------------------------------------------------------
2026-05-27 14:18:08.867 [scheduling-1] INFO  c.a.a.c.m.c.s.BatchClassificationScheduler - --------------------------------------------------------------------------------
2026-05-27 14:18:08.867 [scheduling-1] INFO  c.a.a.c.m.c.s.BatchClassificationScheduler - [SIMULATION ENGINE] Starting scheduled batch crop classification & e-Panta audit...
2026-05-27 14:18:08.886 [scheduling-1] WARN  c.a.a.c.m.c.s.BatchClassificationScheduler - Scheduler Job: No parcels exist in database. Skipping spatial classification.
2026-05-27 14:18:08.886 [scheduling-1] INFO  c.a.a.c.m.c.s.BatchClassificationScheduler - [SIMULATION ENGINE] Scheduled batch execution completed.
2026-05-27 14:18:08.886 [scheduling-1] INFO  c.a.a.c.m.c.s.BatchClassificationScheduler - --------------------------------------------------------------------------------
2026-05-27 14:19:08.905 [scheduling-1] INFO  c.a.a.c.m.c.s.BatchClassificationScheduler - --------------------------------------------------------------------------------
2026-05-27 14:19:08.905 [scheduling-1] INFO  c.a.a.c.m.c.s.BatchClassificationScheduler - [SIMULATION ENGINE] Starting scheduled batch crop classification & e-Panta audit...
2026-05-27 14:19:08.921 [scheduling-1] WARN  c.a.a.c.m.c.s.BatchClassificationScheduler - Scheduler Job: No parcels exist in database. Skipping spatial classification.
2026-05-27 14:19:08.925 [scheduling-1] INFO  c.a.a.c.m.c.s.BatchClassificationScheduler - [SIMULATION ENGINE] Scheduled batch execution completed.
2026-05-27 14:19:08.925 [scheduling-1] INFO  c.a.a.c.m.c.s.BatchClassificationScheduler - --------------------------------------------------------------------------------
